<?xml version="1.0" encoding="UTF-8"?>
<testng-results ignored="0" total="1" passed="1" failed="0" skipped="0">
  <reporter-output>
  </reporter-output>
  <suite started-at="2022-12-02T17:41:56 IST" name="Default suite" finished-at="2022-12-02T17:42:40 IST" duration-ms="43873">
    <groups>
    </groups>
    <test started-at="2022-12-02T17:41:56 IST" name="Default test" finished-at="2022-12-02T17:42:40 IST" duration-ms="43873">
      <class name="MavenTestClassesNeoxStox.MavenNeoStoxTestClass">
        <test-method is-config="true" signature="NDOpenBrowser()[pri:0, instance:MavenTestClassesNeoxStox.MavenNeoStoxTestClass@3f191845]" started-at="2022-12-02T17:41:56 IST" name="NDOpenBrowser" finished-at="2022-12-02T17:42:15 IST" duration-ms="18623" status="PASS">
          <reporter-output>
          </reporter-output>
        </test-method> <!-- NDOpenBrowser -->
        <test-method is-config="true" signature="NDSignIn()[pri:0, instance:MavenTestClassesNeoxStox.MavenNeoStoxTestClass@3f191845]" started-at="2022-12-02T17:42:15 IST" name="NDSignIn" finished-at="2022-12-02T17:42:35 IST" duration-ms="19382" status="PASS">
          <reporter-output>
          </reporter-output>
        </test-method> <!-- NDSignIn -->
        <test-method signature="NDValidateUID()[pri:0, instance:MavenTestClassesNeoxStox.MavenNeoStoxTestClass@3f191845]" started-at="2022-12-02T17:42:35 IST" name="NDValidateUID" finished-at="2022-12-02T17:42:35 IST" duration-ms="357" status="PASS">
          <reporter-output>
          </reporter-output>
        </test-method> <!-- NDValidateUID -->
        <test-method is-config="true" signature="NDLogOut()[pri:0, instance:MavenTestClassesNeoxStox.MavenNeoStoxTestClass@3f191845]" started-at="2022-12-02T17:42:35 IST" name="NDLogOut" finished-at="2022-12-02T17:42:39 IST" duration-ms="4188" status="PASS">
          <reporter-output>
          </reporter-output>
        </test-method> <!-- NDLogOut -->
        <test-method is-config="true" signature="NDCloseBrowser()[pri:0, instance:MavenTestClassesNeoxStox.MavenNeoStoxTestClass@3f191845]" started-at="2022-12-02T17:42:39 IST" name="NDCloseBrowser" finished-at="2022-12-02T17:42:40 IST" duration-ms="1138" status="PASS">
          <reporter-output>
          </reporter-output>
        </test-method> <!-- NDCloseBrowser -->
      </class> <!-- MavenTestClassesNeoxStox.MavenNeoStoxTestClass -->
    </test> <!-- Default test -->
  </suite> <!-- Default suite -->
</testng-results>
